{"meta": {"format": 3, "version": "7.11.0", "timestamp": "2025-11-03T11:18:28.608579", "branch_coverage": false, "show_contexts": false}, "files": {"src/__init__.py": {"executed_lines": [0], "summary": {"covered_lines": 0, "num_statements": 0, "percent_covered": 100.0, "percent_covered_display": "100", "missing_lines": 0, "excluded_lines": 0}, "missing_lines": [], "excluded_lines": [], "functions": {"": {"executed_lines": [], "summary": {"covered_lines": 0, "num_statements": 0, "percent_covered": 100.0, "percent_covered_display": "100", "missing_lines": 0, "excluded_lines": 0}, "missing_lines": [], "excluded_lines": []}}, "classes": {"": {"executed_lines": [], "summary": {"covered_lines": 0, "num_statements": 0, "percent_covered": 100.0, "percent_covered_display": "100", "missing_lines": 0, "excluded_lines": 0}, "missing_lines": [], "excluded_lines": []}}}, "src/mcp_server.py": {"executed_lines": [], "summary": {"covered_lines": 0, "num_statements": 136, "percent_covered": 0.0, "percent_covered_display": "0", "missing_lines": 136, "excluded_lines": 0}, "missing_lines": [3, 4, 6, 7, 9, 10, 12, 15, 21, 27, 28, 43, 45, 47, 48, 49, 51, 52, 55, 62, 63, 65, 73, 74, 75, 81, 82, 83, 89, 90, 91, 99, 100, 110, 112, 113, 114, 121, 122, 125, 129, 130, 131, 132, 138, 139, 140, 148, 149, 163, 165, 167, 168, 169, 171, 172, 175, 180, 181, 183, 184, 185, 186, 192, 193, 194, 200, 201, 202, 213, 214, 216, 217, 219, 221, 227, 228, 229, 230, 238, 239, 240, 250, 251, 253, 254, 255, 257, 259, 262, 269, 270, 272, 275, 276, 277, 278, 280, 282, 283, 286, 287, 290, 291, 293, 294, 298, 309, 318, 319, 320, 328, 329, 330, 343, 344, 346, 355, 356, 360, 380, 381, 383, 386, 402, 403, 414, 415, 416, 417, 418, 420, 422, 439, 440, 442], "excluded_lines": [], "functions": {"create_shipment": {"executed_lines": [], "summary": {"covered_lines": 0, "num_statements": 20, "percent_covered": 0.0, "percent_covered_display": "0", "missing_lines": 20, "excluded_lines": 0}, "missing_lines": [43, 45, 47, 48, 49, 51, 52, 55, 62, 63, 65, 73, 74, 75, 81, 82, 83, 89, 90, 91], "excluded_lines": []}, "get_tracking": {"executed_lines": [], "summary": {"covered_lines": 0, "num_statements": 14, "percent_covered": 0.0, "percent_covered_display": "0", "missing_lines": 14, "excluded_lines": 0}, "missing_lines": [110, 112, 113, 114, 121, 122, 125, 129, 130, 131, 132, 138, 139, 140], "excluded_lines": []}, "get_rates": {"executed_lines": [], "summary": {"covered_lines": 0, "num_statements": 20, "percent_covered": 0.0, "percent_covered_display": "0", "missing_lines": 20, "excluded_lines": 0}, "missing_lines": [163, 165, 167, 168, 169, 171, 172, 175, 180, 181, 183, 184, 185, 186, 192, 193, 194, 200, 201, 202], "excluded_lines": []}, "get_recent_shipments_resource": {"executed_lines": [], "summary": {"covered_lines": 0, "num_statements": 11, "percent_covered": 0.0, "percent_covered_display": "0", "missing_lines": 11, "excluded_lines": 0}, "missing_lines": [216, 217, 219, 221, 227, 228, 229, 230, 238, 239, 240], "excluded_lines": []}, "get_stats_resource": {"executed_lines": [], "summary": {"covered_lines": 0, "num_statements": 30, "percent_covered": 0.0, "percent_covered_display": "0", "missing_lines": 30, "excluded_lines": 0}, "missing_lines": [253, 254, 255, 257, 259, 262, 269, 270, 272, 275, 276, 277, 278, 280, 282, 283, 286, 287, 290, 291, 293, 294, 298, 309, 318, 319, 320, 328, 329, 330], "excluded_lines": []}, "shipping_workflow": {"executed_lines": [], "summary": {"covered_lines": 0, "num_statements": 1, "percent_covered": 0.0, "percent_covered_display": "0", "missing_lines": 1, "excluded_lines": 0}, "missing_lines": [346], "excluded_lines": []}, "compare_carriers": {"executed_lines": [], "summary": {"covered_lines": 0, "num_statements": 1, "percent_covered": 0.0, "percent_covered_display": "0", "missing_lines": 1, "excluded_lines": 0}, "missing_lines": [360], "excluded_lines": []}, "track_and_notify": {"executed_lines": [], "summary": {"covered_lines": 0, "num_statements": 2, "percent_covered": 0.0, "percent_covered_display": "0", "missing_lines": 2, "excluded_lines": 0}, "missing_lines": [383, 386], "excluded_lines": []}, "cost_optimization": {"executed_lines": [], "summary": {"covered_lines": 0, "num_statements": 7, "percent_covered": 0.0, "percent_covered_display": "0", "missing_lines": 7, "excluded_lines": 0}, "missing_lines": [414, 415, 416, 417, 418, 420, 422], "excluded_lines": []}, "bulk_rate_check": {"executed_lines": [], "summary": {"covered_lines": 0, "num_statements": 1, "percent_covered": 0.0, "percent_covered_display": "0", "missing_lines": 1, "excluded_lines": 0}, "missing_lines": [442], "excluded_lines": []}, "": {"executed_lines": [], "summary": {"covered_lines": 0, "num_statements": 29, "percent_covered": 0.0, "percent_covered_display": "0", "missing_lines": 29, "excluded_lines": 0}, "missing_lines": [3, 4, 6, 7, 9, 10, 12, 15, 21, 27, 28, 99, 100, 148, 149, 213, 214, 250, 251, 343, 344, 355, 356, 380, 381, 402, 403, 439, 440], "excluded_lines": []}}, "classes": {"": {"executed_lines": [], "summary": {"covered_lines": 0, "num_statements": 136, "percent_covered": 0.0, "percent_covered_display": "0", "missing_lines": 136, "excluded_lines": 0}, "missing_lines": [3, 4, 6, 7, 9, 10, 12, 15, 21, 27, 28, 43, 45, 47, 48, 49, 51, 52, 55, 62, 63, 65, 73, 74, 75, 81, 82, 83, 89, 90, 91, 99, 100, 110, 112, 113, 114, 121, 122, 125, 129, 130, 131, 132, 138, 139, 140, 148, 149, 163, 165, 167, 168, 169, 171, 172, 175, 180, 181, 183, 184, 185, 186, 192, 193, 194, 200, 201, 202, 213, 214, 216, 217, 219, 221, 227, 228, 229, 230, 238, 239, 240, 250, 251, 253, 254, 255, 257, 259, 262, 269, 270, 272, 275, 276, 277, 278, 280, 282, 283, 286, 287, 290, 291, 293, 294, 298, 309, 318, 319, 320, 328, 329, 330, 343, 344, 346, 355, 356, 360, 380, 381, 383, 386, 402, 403, 414, 415, 416, 417, 418, 420, 422, 439, 440, 442], "excluded_lines": []}}}, "src/models/__init__.py": {"executed_lines": [], "summary": {"covered_lines": 0, "num_statements": 2, "percent_covered": 0.0, "percent_covered_display": "0", "missing_lines": 2, "excluded_lines": 0}, "missing_lines": [3, 5], "excluded_lines": [], "functions": {"": {"executed_lines": [], "summary": {"covered_lines": 0, "num_statements": 2, "percent_covered": 0.0, "percent_covered_display": "0", "missing_lines": 2, "excluded_lines": 0}, "missing_lines": [3, 5], "excluded_lines": []}}, "classes": {"": {"executed_lines": [], "summary": {"covered_lines": 0, "num_statements": 2, "percent_covered": 0.0, "percent_covered_display": "0", "missing_lines": 2, "excluded_lines": 0}, "missing_lines": [3, 5], "excluded_lines": []}}}, "src/models/requests.py": {"executed_lines": [], "summary": {"covered_lines": 0, "num_statements": 11, "percent_covered": 0.0, "percent_covered_display": "0", "missing_lines": 11, "excluded_lines": 0}, "missing_lines": [3, 5, 8, 11, 12, 13, 14, 17, 20, 21, 22], "excluded_lines": [], "functions": {"": {"executed_lines": [], "summary": {"covered_lines": 0, "num_statements": 11, "percent_covered": 0.0, "percent_covered_display": "0", "missing_lines": 11, "excluded_lines": 0}, "missing_lines": [3, 5, 8, 11, 12, 13, 14, 17, 20, 21, 22], "excluded_lines": []}}, "classes": {"ShipmentRequest": {"executed_lines": [], "summary": {"covered_lines": 0, "num_statements": 0, "percent_covered": 100.0, "percent_covered_display": "100", "missing_lines": 0, "excluded_lines": 0}, "missing_lines": [], "excluded_lines": []}, "RatesRequest": {"executed_lines": [], "summary": {"covered_lines": 0, "num_statements": 0, "percent_covered": 100.0, "percent_covered_display": "100", "missing_lines": 0, "excluded_lines": 0}, "missing_lines": [], "excluded_lines": []}, "": {"executed_lines": [], "summary": {"covered_lines": 0, "num_statements": 11, "percent_covered": 0.0, "percent_covered_display": "0", "missing_lines": 11, "excluded_lines": 0}, "missing_lines": [3, 5, 8, 11, 12, 13, 14, 17, 20, 21, 22], "excluded_lines": []}}}, "src/server.py": {"executed_lines": [], "summary": {"covered_lines": 0, "num_statements": 152, "percent_covered": 0.0, "percent_covered_display": "0", "missing_lines": 152, "excluded_lines": 0}, "missing_lines": [1, 2, 3, 4, 5, 7, 8, 9, 10, 11, 12, 13, 14, 16, 17, 18, 19, 22, 23, 26, 29, 32, 33, 34, 35, 36, 39, 42, 48, 51, 52, 53, 56, 58, 60, 61, 62, 63, 64, 65, 66, 67, 70, 71, 74, 75, 77, 78, 79, 83, 91, 92, 98, 105, 106, 120, 121, 123, 130, 131, 132, 133, 140, 141, 150, 151, 152, 161, 162, 163, 164, 165, 176, 182, 183, 193, 194, 195, 197, 199, 200, 201, 202, 203, 204, 205, 206, 214, 220, 221, 235, 236, 238, 242, 243, 244, 245, 246, 255, 256, 257, 271, 277, 287, 288, 289, 291, 295, 296, 297, 299, 300, 309, 310, 311, 312, 313, 324, 330, 339, 340, 342, 347, 357, 363, 370, 377, 383, 390, 391, 395, 404, 406, 412, 413, 414, 422, 423, 433, 434, 438, 449, 451, 457, 458, 459, 469, 472, 482, 483, 484, 486], "excluded_lines": [], "functions": {"RequestIDMiddleware.dispatch": {"executed_lines": [], "summary": {"covered_lines": 0, "num_statements": 12, "percent_covered": 0.0, "percent_covered_display": "0", "missing_lines": 12, "excluded_lines": 0}, "missing_lines": [52, 53, 56, 58, 60, 61, 62, 63, 64, 65, 66, 67], "excluded_lines": []}, "lifespan": {"executed_lines": [], "summary": {"covered_lines": 0, "num_statements": 5, "percent_covered": 0.0, "percent_covered_display": "0", "missing_lines": 5, "excluded_lines": 0}, "missing_lines": [74, 75, 77, 78, 79], "excluded_lines": []}, "create_shipment": {"executed_lines": [], "summary": {"covered_lines": 0, "num_statements": 17, "percent_covered": 0.0, "percent_covered_display": "0", "missing_lines": 17, "excluded_lines": 0}, "missing_lines": [120, 121, 123, 130, 131, 132, 133, 140, 141, 150, 151, 152, 161, 162, 163, 164, 165], "excluded_lines": []}, "get_tracking": {"executed_lines": [], "summary": {"covered_lines": 0, "num_statements": 12, "percent_covered": 0.0, "percent_covered_display": "0", "missing_lines": 12, "excluded_lines": 0}, "missing_lines": [193, 194, 195, 197, 199, 200, 201, 202, 203, 204, 205, 206], "excluded_lines": []}, "get_rates": {"executed_lines": [], "summary": {"covered_lines": 0, "num_statements": 11, "percent_covered": 0.0, "percent_covered_display": "0", "missing_lines": 11, "excluded_lines": 0}, "missing_lines": [235, 236, 238, 242, 243, 244, 245, 246, 255, 256, 257], "excluded_lines": []}, "get_recent_shipments": {"executed_lines": [], "summary": {"covered_lines": 0, "num_statements": 14, "percent_covered": 0.0, "percent_covered_display": "0", "missing_lines": 14, "excluded_lines": 0}, "missing_lines": [287, 288, 289, 291, 295, 296, 297, 299, 300, 309, 310, 311, 312, 313], "excluded_lines": []}, "health_check": {"executed_lines": [], "summary": {"covered_lines": 0, "num_statements": 4, "percent_covered": 0.0, "percent_covered_display": "0", "missing_lines": 4, "excluded_lines": 0}, "missing_lines": [339, 340, 342, 347], "excluded_lines": []}, "get_metrics": {"executed_lines": [], "summary": {"covered_lines": 0, "num_statements": 1, "percent_covered": 0.0, "percent_covered_display": "0", "missing_lines": 1, "excluded_lines": 0}, "missing_lines": [370], "excluded_lines": []}, "get_stats": {"executed_lines": [], "summary": {"covered_lines": 0, "num_statements": 8, "percent_covered": 0.0, "percent_covered_display": "0", "missing_lines": 8, "excluded_lines": 0}, "missing_lines": [390, 391, 395, 404, 406, 412, 413, 414], "excluded_lines": []}, "get_shipment": {"executed_lines": [], "summary": {"covered_lines": 0, "num_statements": 8, "percent_covered": 0.0, "percent_covered_display": "0", "missing_lines": 8, "excluded_lines": 0}, "missing_lines": [433, 434, 438, 449, 451, 457, 458, 459], "excluded_lines": []}, "": {"executed_lines": [], "summary": {"covered_lines": 0, "num_statements": 60, "percent_covered": 0.0, "percent_covered_display": "0", "missing_lines": 60, "excluded_lines": 0}, "missing_lines": [1, 2, 3, 4, 5, 7, 8, 9, 10, 11, 12, 13, 14, 16, 17, 18, 19, 22, 23, 26, 29, 32, 33, 34, 35, 36, 39, 42, 48, 51, 70, 71, 83, 91, 92, 98, 105, 106, 176, 182, 183, 214, 220, 221, 271, 277, 324, 330, 357, 363, 377, 383, 422, 423, 469, 472, 482, 483, 484, 486], "excluded_lines": []}}, "classes": {"RequestIDMiddleware": {"executed_lines": [], "summary": {"covered_lines": 0, "num_statements": 12, "percent_covered": 0.0, "percent_covered_display": "0", "missing_lines": 12, "excluded_lines": 0}, "missing_lines": [52, 53, 56, 58, 60, 61, 62, 63, 64, 65, 66, 67], "excluded_lines": []}, "": {"executed_lines": [], "summary": {"covered_lines": 0, "num_statements": 140, "percent_covered": 0.0, "percent_covered_display": "0", "missing_lines": 140, "excluded_lines": 0}, "missing_lines": [1, 2, 3, 4, 5, 7, 8, 9, 10, 11, 12, 13, 14, 16, 17, 18, 19, 22, 23, 26, 29, 32, 33, 34, 35, 36, 39, 42, 48, 51, 70, 71, 74, 75, 77, 78, 79, 83, 91, 92, 98, 105, 106, 120, 121, 123, 130, 131, 132, 133, 140, 141, 150, 151, 152, 161, 162, 163, 164, 165, 176, 182, 183, 193, 194, 195, 197, 199, 200, 201, 202, 203, 204, 205, 206, 214, 220, 221, 235, 236, 238, 242, 243, 244, 245, 246, 255, 256, 257, 271, 277, 287, 288, 289, 291, 295, 296, 297, 299, 300, 309, 310, 311, 312, 313, 324, 330, 339, 340, 342, 347, 357, 363, 370, 377, 383, 390, 391, 395, 404, 406, 412, 413, 414, 422, 423, 433, 434, 438, 449, 451, 457, 458, 459, 469, 472, 482, 483, 484, 486], "excluded_lines": []}}}, "src/services/easypost_service.py": {"executed_lines": [1, 2, 3, 4, 5, 7, 8, 10, 13, 14, 15, 16, 17, 18, 19, 22, 23, 24, 25, 26, 29, 30, 31, 32, 33, 34, 35, 36, 39, 40, 41, 42, 43, 46, 47, 48, 49, 50, 53, 54, 55, 56, 57, 60, 61, 62, 63, 64, 65, 67, 96, 128, 153, 195, 229, 252, 271, 272, 273, 281, 282, 283, 284, 291, 365, 375, 378, 379, 380], "summary": {"covered_lines": 69, "num_statements": 131, "percent_covered": 52.67175572519084, "percent_covered_display": "53", "missing_lines": 62, "excluded_lines": 0}, "missing_lines": [86, 87, 88, 91, 92, 93, 94, 104, 105, 107, 111, 112, 114, 116, 124, 125, 126, 138, 139, 140, 143, 144, 145, 146, 155, 156, 157, 159, 186, 187, 188, 209, 210, 211, 214, 220, 221, 222, 233, 234, 235, 239, 248, 249, 250, 299, 300, 305, 310, 311, 312, 313, 316, 319, 320, 321, 344, 346, 348, 356, 357, 358], "excluded_lines": [], "functions": {"EasyPostService.__init__": {"executed_lines": [62, 63, 64, 65], "summary": {"covered_lines": 4, "num_statements": 4, "percent_covered": 100.0, "percent_covered_display": "100", "missing_lines": 0, "excluded_lines": 0}, "missing_lines": [], "excluded_lines": []}, "EasyPostService.create_shipment": {"executed_lines": [], "summary": {"covered_lines": 0, "num_statements": 7, "percent_covered": 0.0, "percent_covered_display": "0", "missing_lines": 7, "excluded_lines": 0}, "missing_lines": [86, 87, 88, 91, 92, 93, 94], "excluded_lines": []}, "EasyPostService._create_shipment_sync": {"executed_lines": [], "summary": {"covered_lines": 0, "num_statements": 10, "percent_covered": 0.0, "percent_covered_display": "0", "missing_lines": 10, "excluded_lines": 0}, "missing_lines": [104, 105, 107, 111, 112, 114, 116, 124, 125, 126], "excluded_lines": []}, "EasyPostService.get_tracking": {"executed_lines": [], "summary": {"covered_lines": 0, "num_statements": 7, "percent_covered": 0.0, "percent_covered_display": "0", "missing_lines": 7, "excluded_lines": 0}, "missing_lines": [138, 139, 140, 143, 144, 145, 146], "excluded_lines": []}, "EasyPostService._get_tracking_sync": {"executed_lines": [], "summary": {"covered_lines": 0, "num_statements": 7, "percent_covered": 0.0, "percent_covered_display": "0", "missing_lines": 7, "excluded_lines": 0}, "missing_lines": [155, 156, 157, 159, 186, 187, 188], "excluded_lines": []}, "EasyPostService.get_rates": {"executed_lines": [], "summary": {"covered_lines": 0, "num_statements": 7, "percent_covered": 0.0, "percent_covered_display": "0", "missing_lines": 7, "excluded_lines": 0}, "missing_lines": [209, 210, 211, 214, 220, 221, 222], "excluded_lines": []}, "EasyPostService._get_rates_sync": {"executed_lines": [], "summary": {"covered_lines": 0, "num_statements": 7, "percent_covered": 0.0, "percent_covered_display": "0", "missing_lines": 7, "excluded_lines": 0}, "missing_lines": [233, 234, 235, 239, 248, 249, 250], "excluded_lines": []}, "EasyPostService.get_shipments_list": {"executed_lines": [271, 272, 273, 281, 282, 283, 284], "summary": {"covered_lines": 7, "num_statements": 7, "percent_covered": 100.0, "percent_covered_display": "100", "missing_lines": 0, "excluded_lines": 0}, "missing_lines": [], "excluded_lines": []}, "EasyPostService._get_shipments_list_sync": {"executed_lines": [], "summary": {"covered_lines": 0, "num_statements": 17, "percent_covered": 0.0, "percent_covered_display": "0", "missing_lines": 17, "excluded_lines": 0}, "missing_lines": [299, 300, 305, 310, 311, 312, 313, 316, 319, 320, 321, 344, 346, 348, 356, 357, 358], "excluded_lines": []}, "EasyPostService._sanitize_error": {"executed_lines": [375, 378, 379, 380], "summary": {"covered_lines": 4, "num_statements": 4, "percent_covered": 100.0, "percent_covered_display": "100", "missing_lines": 0, "excluded_lines": 0}, "missing_lines": [], "excluded_lines": []}, "": {"executed_lines": [1, 2, 3, 4, 5, 7, 8, 10, 13, 14, 15, 16, 17, 18, 19, 22, 23, 24, 25, 26, 29, 30, 31, 32, 33, 34, 35, 36, 39, 40, 41, 42, 43, 46, 47, 48, 49, 50, 53, 54, 55, 56, 57, 60, 61, 67, 96, 128, 153, 195, 229, 252, 291, 365], "summary": {"covered_lines": 54, "num_statements": 54, "percent_covered": 100.0, "percent_covered_display": "100", "missing_lines": 0, "excluded_lines": 0}, "missing_lines": [], "excluded_lines": []}}, "classes": {"AddressModel": {"executed_lines": [], "summary": {"covered_lines": 0, "num_statements": 0, "percent_covered": 100.0, "percent_covered_display": "100", "missing_lines": 0, "excluded_lines": 0}, "missing_lines": [], "excluded_lines": []}, "ParcelModel": {"executed_lines": [], "summary": {"covered_lines": 0, "num_statements": 0, "percent_covered": 100.0, "percent_covered_display": "100", "missing_lines": 0, "excluded_lines": 0}, "missing_lines": [], "excluded_lines": []}, "ShipmentResponse": {"executed_lines": [], "summary": {"covered_lines": 0, "num_statements": 0, "percent_covered": 100.0, "percent_covered_display": "100", "missing_lines": 0, "excluded_lines": 0}, "missing_lines": [], "excluded_lines": []}, "TrackingEvent": {"executed_lines": [], "summary": {"covered_lines": 0, "num_statements": 0, "percent_covered": 100.0, "percent_covered_display": "100", "missing_lines": 0, "excluded_lines": 0}, "missing_lines": [], "excluded_lines": []}, "TrackingResponse": {"executed_lines": [], "summary": {"covered_lines": 0, "num_statements": 0, "percent_covered": 100.0, "percent_covered_display": "100", "missing_lines": 0, "excluded_lines": 0}, "missing_lines": [], "excluded_lines": []}, "RatesResponse": {"executed_lines": [], "summary": {"covered_lines": 0, "num_statements": 0, "percent_covered": 100.0, "percent_covered_display": "100", "missing_lines": 0, "excluded_lines": 0}, "missing_lines": [], "excluded_lines": []}, "EasyPostService": {"executed_lines": [62, 63, 64, 65, 271, 272, 273, 281, 282, 283, 284, 375, 378, 379, 380], "summary": {"covered_lines": 15, "num_statements": 77, "percent_covered": 19.48051948051948, "percent_covered_display": "19", "missing_lines": 62, "excluded_lines": 0}, "missing_lines": [86, 87, 88, 91, 92, 93, 94, 104, 105, 107, 111, 112, 114, 116, 124, 125, 126, 138, 139, 140, 143, 144, 145, 146, 155, 156, 157, 159, 186, 187, 188, 209, 210, 211, 214, 220, 221, 222, 233, 234, 235, 239, 248, 249, 250, 299, 300, 305, 310, 311, 312, 313, 316, 319, 320, 321, 344, 346, 348, 356, 357, 358], "excluded_lines": []}, "": {"executed_lines": [1, 2, 3, 4, 5, 7, 8, 10, 13, 14, 15, 16, 17, 18, 19, 22, 23, 24, 25, 26, 29, 30, 31, 32, 33, 34, 35, 36, 39, 40, 41, 42, 43, 46, 47, 48, 49, 50, 53, 54, 55, 56, 57, 60, 61, 67, 96, 128, 153, 195, 229, 252, 291, 365], "summary": {"covered_lines": 54, "num_statements": 54, "percent_covered": 100.0, "percent_covered_display": "100", "missing_lines": 0, "excluded_lines": 0}, "missing_lines": [], "excluded_lines": []}}}, "src/utils/__init__.py": {"executed_lines": [], "summary": {"covered_lines": 0, "num_statements": 0, "percent_covered": 100.0, "percent_covered_display": "100", "missing_lines": 0, "excluded_lines": 0}, "missing_lines": [], "excluded_lines": [], "functions": {"": {"executed_lines": [], "summary": {"covered_lines": 0, "num_statements": 0, "percent_covered": 100.0, "percent_covered_display": "100", "missing_lines": 0, "excluded_lines": 0}, "missing_lines": [], "excluded_lines": []}}, "classes": {"": {"executed_lines": [], "summary": {"covered_lines": 0, "num_statements": 0, "percent_covered": 100.0, "percent_covered_display": "100", "missing_lines": 0, "excluded_lines": 0}, "missing_lines": [], "excluded_lines": []}}}, "src/utils/config.py": {"executed_lines": [], "summary": {"covered_lines": 0, "num_statements": 18, "percent_covered": 0.0, "percent_covered_display": "0", "missing_lines": 18, "excluded_lines": 0}, "missing_lines": [1, 3, 5, 8, 10, 13, 14, 15, 18, 19, 20, 21, 24, 26, 27, 28, 29, 32], "excluded_lines": [], "functions": {"Settings.validate": {"executed_lines": [], "summary": {"covered_lines": 0, "num_statements": 3, "percent_covered": 0.0, "percent_covered_display": "0", "missing_lines": 3, "excluded_lines": 0}, "missing_lines": [27, 28, 29], "excluded_lines": []}, "": {"executed_lines": [], "summary": {"covered_lines": 0, "num_statements": 15, "percent_covered": 0.0, "percent_covered_display": "0", "missing_lines": 15, "excluded_lines": 0}, "missing_lines": [1, 3, 5, 8, 10, 13, 14, 15, 18, 19, 20, 21, 24, 26, 32], "excluded_lines": []}}, "classes": {"Settings": {"executed_lines": [], "summary": {"covered_lines": 0, "num_statements": 3, "percent_covered": 0.0, "percent_covered_display": "0", "missing_lines": 3, "excluded_lines": 0}, "missing_lines": [27, 28, 29], "excluded_lines": []}, "": {"executed_lines": [], "summary": {"covered_lines": 0, "num_statements": 15, "percent_covered": 0.0, "percent_covered_display": "0", "missing_lines": 15, "excluded_lines": 0}, "missing_lines": [1, 3, 5, 8, 10, 13, 14, 15, 18, 19, 20, 21, 24, 26, 32], "excluded_lines": []}}}, "src/utils/monitoring.py": {"executed_lines": [], "summary": {"covered_lines": 0, "num_statements": 47, "percent_covered": 0.0, "percent_covered_display": "0", "missing_lines": 47, "excluded_lines": 0}, "missing_lines": [2, 3, 4, 5, 6, 7, 9, 12, 15, 16, 18, 19, 20, 22, 25, 26, 27, 28, 30, 31, 33, 34, 35, 36, 38, 46, 47, 48, 51, 54, 55, 56, 57, 58, 59, 61, 63, 65, 67, 69, 71, 73, 75, 77, 79, 80, 92], "excluded_lines": [], "functions": {"HealthCheck.check_easypost": {"executed_lines": [], "summary": {"covered_lines": 0, "num_statements": 8, "percent_covered": 0.0, "percent_covered_display": "0", "missing_lines": 8, "excluded_lines": 0}, "missing_lines": [18, 19, 20, 22, 25, 26, 27, 28], "excluded_lines": []}, "HealthCheck.check_system": {"executed_lines": [], "summary": {"covered_lines": 0, "num_statements": 8, "percent_covered": 0.0, "percent_covered_display": "0", "missing_lines": 8, "excluded_lines": 0}, "missing_lines": [33, 34, 35, 36, 38, 46, 47, 48], "excluded_lines": []}, "MetricsCollector.__init__": {"executed_lines": [], "summary": {"covered_lines": 0, "num_statements": 5, "percent_covered": 0.0, "percent_covered_display": "0", "missing_lines": 5, "excluded_lines": 0}, "missing_lines": [55, 56, 57, 58, 59], "excluded_lines": []}, "MetricsCollector.record_request": {"executed_lines": [], "summary": {"covered_lines": 0, "num_statements": 1, "percent_covered": 0.0, "percent_covered_display": "0", "missing_lines": 1, "excluded_lines": 0}, "missing_lines": [63], "excluded_lines": []}, "MetricsCollector.record_error": {"executed_lines": [], "summary": {"covered_lines": 0, "num_statements": 1, "percent_covered": 0.0, "percent_covered_display": "0", "missing_lines": 1, "excluded_lines": 0}, "missing_lines": [67], "excluded_lines": []}, "MetricsCollector.record_shipment": {"executed_lines": [], "summary": {"covered_lines": 0, "num_statements": 1, "percent_covered": 0.0, "percent_covered_display": "0", "missing_lines": 1, "excluded_lines": 0}, "missing_lines": [71], "excluded_lines": []}, "MetricsCollector.record_tracking": {"executed_lines": [], "summary": {"covered_lines": 0, "num_statements": 1, "percent_covered": 0.0, "percent_covered_display": "0", "missing_lines": 1, "excluded_lines": 0}, "missing_lines": [75], "excluded_lines": []}, "MetricsCollector.get_metrics": {"executed_lines": [], "summary": {"covered_lines": 0, "num_statements": 2, "percent_covered": 0.0, "percent_covered_display": "0", "missing_lines": 2, "excluded_lines": 0}, "missing_lines": [79, 80], "excluded_lines": []}, "": {"executed_lines": [], "summary": {"covered_lines": 0, "num_statements": 20, "percent_covered": 0.0, "percent_covered_display": "0", "missing_lines": 20, "excluded_lines": 0}, "missing_lines": [2, 3, 4, 5, 6, 7, 9, 12, 15, 16, 30, 31, 51, 54, 61, 65, 69, 73, 77, 92], "excluded_lines": []}}, "classes": {"HealthCheck": {"executed_lines": [], "summary": {"covered_lines": 0, "num_statements": 16, "percent_covered": 0.0, "percent_covered_display": "0", "missing_lines": 16, "excluded_lines": 0}, "missing_lines": [18, 19, 20, 22, 25, 26, 27, 28, 33, 34, 35, 36, 38, 46, 47, 48], "excluded_lines": []}, "MetricsCollector": {"executed_lines": [], "summary": {"covered_lines": 0, "num_statements": 11, "percent_covered": 0.0, "percent_covered_display": "0", "missing_lines": 11, "excluded_lines": 0}, "missing_lines": [55, 56, 57, 58, 59, 63, 67, 71, 75, 79, 80], "excluded_lines": []}, "": {"executed_lines": [], "summary": {"covered_lines": 0, "num_statements": 20, "percent_covered": 0.0, "percent_covered_display": "0", "missing_lines": 20, "excluded_lines": 0}, "missing_lines": [2, 3, 4, 5, 6, 7, 9, 12, 15, 16, 30, 31, 51, 54, 61, 65, 69, 73, 77, 92], "excluded_lines": []}}}}, "totals": {"covered_lines": 69, "num_statements": 497, "percent_covered": 13.883299798792757, "percent_covered_display": "14", "missing_lines": 428, "excluded_lines": 0}}